# JRE version: OpenJDK Runtime Environment (11.0.15) (build 11.0.15+0-b2043.56-8887301)
# Java VM: OpenJDK 64-Bit Server VM (11.0.15+0-b2043.56-8887301, mixed mode, tiered, compressed oops, g1 gc, bsd-amd64)
Heap:
 garbage-first heap   total 275456K, used 236451K [0x0000000780000000, 0x0000000800000000)
  region size 1024K, 141 young (144384K), 12 survivors (12288K)
 Metaspace       used 44855K, capacity 46062K, committed 46160K, reserved 1089536K
  class space    used 5694K, capacity 6141K, committed 6144K, reserved 1048576K
GC Heap History (20 events):
Event: 30.681 GC heap after
{Heap after GC invocations=55 (full 0):
 garbage-first heap   total 275456K, used 103824K [0x0000000780000000, 0x0000000800000000)
  region size 1024K, 11 young (11264K), 11 survivors (11264K)
 Metaspace       used 44836K, capacity 46058K, committed 46160K, reserved 1089536K
  class space    used 5694K, capacity 6141K, committed 6144K, reserved 1048576K
}
Event: 31.275 GC heap before
{Heap before GC invocations=55 (full 0):
 garbage-first heap   total 275456K, used 235920K [0x0000000780000000, 0x0000000800000000)
  region size 1024K, 140 young (143360K), 11 survivors (11264K)
 Metaspace       used 44836K, capacity 46058K, committed 46160K, reserved 1089536K
  class space    used 5694K, capacity 6141K, committed 6144K, reserved 1048576K
}
Event: 31.281 GC heap after
{Heap after GC invocations=56 (full 0):
 garbage-first heap   total 275456K, used 105144K [0x0000000780000000, 0x0000000800000000)
  region size 1024K, 11 young (11264K), 11 survivors (11264K)
 Metaspace       used 44836K, capacity 46058K, committed 46160K, reserved 1089536K
  class space    used 5694K, capacity 6141K, committed 6144K, reserved 1048576K
}
Event: 31.966 GC heap before
{Heap before GC invocations=56 (full 0):
 garbage-first heap   total 275456K, used 236216K [0x0000000780000000, 0x0000000800000000)
  region size 1024K, 139 young (142336K), 11 survivors (11264K)
 Metaspace       used 44836K, capacity 46058K, committed 46160K, reserved 1089536K
  class space    used 5694K, capacity 6141K, committed 6144K, reserved 1048576K
}
Event: 31.973 GC heap after
{Heap after GC invocations=57 (full 0):
 garbage-first heap   total 275456K, used 106237K [0x0000000780000000, 0x0000000800000000)
  region size 1024K, 11 young (11264K), 11 survivors (11264K)
 Metaspace       used 44836K, capacity 46058K, committed 46160K, reserved 1089536K
  class space    used 5694K, capacity 6141K, committed 6144K, reserved 1048576K
}
Event: 32.604 GC heap before
{Heap before GC invocations=57 (full 0):
 garbage-first heap   total 275456K, used 237309K [0x0000000780000000, 0x0000000800000000)
  region size 1024K, 137 young (140288K), 11 survivors (11264K)
 Metaspace       used 44844K, capacity 46058K, committed 46160K, reserved 1089536K
  class space    used 5694K, capacity 6141K, committed 6144K, reserved 1048576K
}
Event: 32.610 GC heap after
{Heap after GC invocations=58 (full 0):
 garbage-first heap   total 275456K, used 102178K [0x0000000780000000, 0x0000000800000000)
  region size 1024K, 9 young (9216K), 9 survivors (9216K)
 Metaspace       used 44844K, capacity 46058K, committed 46160K, reserved 1089536K
  class space    used 5694K, capacity 6141K, committed 6144K, reserved 1048576K
}
Event: 33.192 GC heap before
{Heap before GC invocations=58 (full 0):
 garbage-first heap   total 275456K, used 240418K [0x0000000780000000, 0x0000000800000000)
  region size 1024K, 141 young (144384K), 9 survivors (9216K)
 Metaspace       used 44845K, capacity 46058K, committed 46160K, reserved 1089536K
  class space    used 5694K, capacity 6141K, committed 6144K, reserved 1048576K
}
Event: 33.198 GC heap after
{Heap after GC invocations=59 (full 0):
 garbage-first heap   total 275456K, used 100455K [0x0000000780000000, 0x0000000800000000)
  region size 1024K, 10 young (10240K), 10 survivors (10240K)
 Metaspace       used 44845K, capacity 46058K, committed 46160K, reserved 1089536K
  class space    used 5694K, capacity 6141K, committed 6144K, reserved 1048576K
}
Event: 34.410 GC heap before
{Heap before GC invocations=59 (full 0):
 garbage-first heap   total 275456K, used 236647K [0x0000000780000000, 0x0000000800000000)
  region size 1024K, 143 young (146432K), 10 survivors (10240K)
 Metaspace       used 44855K, capacity 46062K, committed 46160K, reserved 1089536K
  class space    used 5694K, capacity 6141K, committed 6144K, reserved 1048576K
}
Event: 34.416 GC heap after
{Heap after GC invocations=60 (full 0):
 garbage-first heap   total 275456K, used 99070K [0x0000000780000000, 0x0000000800000000)
  region size 1024K, 9 young (9216K), 9 survivors (9216K)
 Metaspace       used 44855K, capacity 46062K, committed 46160K, reserved 1089536K
  class space    used 5694K, capacity 6141K, committed 6144K, reserved 1048576K
}
Event: 35.446 GC heap before
{Heap before GC invocations=60 (full 0):
 garbage-first heap   total 275456K, used 237310K [0x0000000780000000, 0x0000000800000000)
  region size 1024K, 144 young (147456K), 9 survivors (9216K)
 Metaspace       used 44855K, capacity 46062K, committed 46160K, reserved 1089536K
  class space    used 5694K, capacity 6141K, committed 6144K, reserved 1048576K
}
Event: 35.453 GC heap after
{Heap after GC invocations=61 (full 0):
 garbage-first heap   total 275456K, used 100061K [0x0000000780000000, 0x0000000800000000)
  region size 1024K, 10 young (10240K), 10 survivors (10240K)
 Metaspace       used 44855K, capacity 46062K, committed 46160K, reserved 1089536K
  class space    used 5694K, capacity 6141K, committed 6144K, reserved 1048576K
}
Event: 36.602 GC heap before
{Heap before GC invocations=61 (full 0):
 garbage-first heap   total 275456K, used 239325K [0x0000000780000000, 0x0000000800000000)
  region size 1024K, 143 young (146432K), 10 survivors (10240K)
 Metaspace       used 44855K, capacity 46062K, committed 46160K, reserved 1089536K
  class space    used 5694K, capacity 6141K, committed 6144K, reserved 1048576K
}
Event: 36.609 GC heap after
{Heap after GC invocations=62 (full 0):
 garbage-first heap   total 275456K, used 101095K [0x0000000780000000, 0x0000000800000000)
  region size 1024K, 11 young (11264K), 11 survivors (11264K)
 Metaspace       used 44855K, capacity 46062K, committed 46160K, reserved 1089536K
  class space    used 5694K, capacity 6141K, committed 6144K, reserved 1048576K
}
Event: 37.483 GC heap before
{Heap before GC invocations=62 (full 0):
 garbage-first heap   total 275456K, used 235239K [0x0000000780000000, 0x0000000800000000)
  region size 1024K, 142 young (145408K), 11 survivors (11264K)
 Metaspace       used 44855K, capacity 46062K, committed 46160K, reserved 1089536K
  class space    used 5694K, capacity 6141K, committed 6144K, reserved 1048576K
}
Event: 37.491 GC heap after
{Heap after GC invocations=63 (full 0):
 garbage-first heap   total 275456K, used 102744K [0x0000000780000000, 0x0000000800000000)
  region size 1024K, 12 young (12288K), 12 survivors (12288K)
 Metaspace       used 44855K, capacity 46062K, committed 46160K, reserved 1089536K
  class space    used 5694K, capacity 6141K, committed 6144K, reserved 1048576K
}
Event: 38.717 GC heap before
{Heap before GC invocations=63 (full 0):
 garbage-first heap   total 275456K, used 243032K [0x0000000780000000, 0x0000000800000000)
  region size 1024K, 140 young (143360K), 12 survivors (12288K)
 Metaspace       used 44855K, capacity 46062K, committed 46160K, reserved 1089536K
  class space    used 5694K, capacity 6141K, committed 6144K, reserved 1048576K
}
Event: 38.725 GC heap after
{Heap after GC invocations=64 (full 0):
 garbage-first heap   total 275456K, used 104355K [0x0000000780000000, 0x0000000800000000)
  region size 1024K, 11 young (11264K), 11 survivors (11264K)
 Metaspace       used 44855K, capacity 46062K, committed 46160K, reserved 1089536K
  class space    used 5694K, capacity 6141K, committed 6144K, reserved 1048576K
}
Event: 39.137 GC heap before
{Heap before GC invocations=64 (full 0):
 garbage-first heap   total 275456K, used 236451K [0x0000000780000000, 0x0000000800000000)
  region size 1024K, 140 young (143360K), 11 survivors (11264K)
 Metaspace       used 44855K, capacity 46062K, committed 46160K, reserved 1089536K
  class space    used 5694K, capacity 6141K, committed 6144K, reserved 1048576K
}

